<?xml version="1.0" encoding="UTF-8"?>
<!-- Generated by org.testng.reporters.JUnitReportReporter -->
<testsuite hostname="LIN-5CG1346B6N" failures="0" tests="1" name="OrangeHRMQA.NewTest" time="0.010" errors="0" timestamp="2024-01-20T14:38:26 IST" skipped="0">
  <testcase classname="OrangeHRMQA.NewTest" name="f" time="0.010"/>
</testsuite> <!-- OrangeHRMQA.NewTest -->
