<?xml version="1.0" encoding="UTF-8"?>
<!-- Generated by org.testng.reporters.JUnitReportReporter -->
<testsuite hostname="LIN-5CG1346B6N" failures="0" tests="5" name="OrangeHRMQA.ReusableComponent" time="28.298" errors="0" timestamp="2024-01-20T15:21:15 IST" skipped="1">
  <testcase classname="OrangeHRMQA.ReusableComponent" name="login" time="8.206"/>
  <testcase classname="OrangeHRMQA.ReusableComponent" name="dashboardAssertionUponLogin" time="0.074"/>
  <testcase classname="OrangeHRMQA.ReusableComponent" name="navigateToLeavesScreen" time="4.726"/>
  <testcase classname="OrangeHRMQA.ReusableComponent" name="generateMyLeaveReport" time="15.292"/>
  <testcase classname="OrangeHRMQA.ReusableComponent" name="invalidLogin">
    <skipped/>
  </testcase> <!-- invalidLogin -->
</testsuite> <!-- OrangeHRMQA.ReusableComponent -->
